2024/11/21 15:48:43 [notice] 1#1: using the "epoll" event method
2024/11/21 15:48:43 [notice] 1#1: nginx/1.26.2
2024/11/21 15:48:43 [notice] 1#1: built by gcc 13.2.1 20240309 (Alpine 13.2.1_git20240309) 
2024/11/21 15:48:43 [notice] 1#1: OS: Linux 5.15.153.1-microsoft-standard-WSL2
2024/11/21 15:48:43 [notice] 1#1: getrlimit(RLIMIT_NOFILE): 1048576:1048576
2024/11/21 15:48:43 [notice] 1#1: start worker processes
2024/11/21 15:48:43 [notice] 1#1: start worker process 29
2024/11/21 15:48:43 [notice] 1#1: start worker process 30
2024/11/21 15:48:43 [notice] 1#1: start worker process 31
2024/11/21 15:48:43 [notice] 1#1: start worker process 32
2024/11/21 15:48:43 [notice] 1#1: start worker process 33
2024/11/21 15:48:43 [notice] 1#1: start worker process 34
2024/11/21 15:48:43 [notice] 1#1: start worker process 35
2024/11/21 15:48:43 [notice] 1#1: start worker process 36
2024/11/21 15:48:43 [notice] 1#1: start worker process 37
2024/11/21 15:48:43 [notice] 1#1: start worker process 38
2024/11/21 15:48:43 [notice] 1#1: start worker process 39
2024/11/21 15:48:43 [notice] 1#1: start worker process 40
2024/11/21 16:52:35 [notice] 1#1: signal 3 (SIGQUIT) received, shutting down
2024/11/21 16:52:35 [notice] 31#31: gracefully shutting down
2024/11/21 16:52:35 [notice] 34#34: gracefully shutting down
2024/11/21 16:52:35 [notice] 33#33: gracefully shutting down
2024/11/21 16:52:35 [notice] 37#37: gracefully shutting down
2024/11/21 16:52:35 [notice] 32#32: gracefully shutting down
2024/11/21 16:52:35 [notice] 38#38: gracefully shutting down
2024/11/21 16:52:35 [notice] 39#39: gracefully shutting down
2024/11/21 16:52:35 [notice] 36#36: gracefully shutting down
2024/11/21 16:52:35 [notice] 29#29: gracefully shutting down
2024/11/21 16:52:35 [notice] 30#30: gracefully shutting down
2024/11/21 16:52:35 [notice] 35#35: gracefully shutting down
2024/11/21 16:52:35 [notice] 31#31: exiting
2024/11/21 16:52:35 [notice] 29#29: exiting
2024/11/21 16:52:35 [notice] 32#32: exiting
2024/11/21 16:52:35 [notice] 36#36: exiting
2024/11/21 16:52:35 [notice] 38#38: exiting
2024/11/21 16:52:35 [notice] 39#39: exiting
2024/11/21 16:52:35 [notice] 35#35: exiting
2024/11/21 16:52:35 [notice] 34#34: exiting
2024/11/21 16:52:35 [notice] 30#30: exiting
2024/11/21 16:52:35 [notice] 37#37: exiting
2024/11/21 16:52:35 [notice] 33#33: exiting
2024/11/21 16:52:35 [notice] 31#31: exit
2024/11/21 16:52:35 [notice] 29#29: exit
2024/11/21 16:52:35 [notice] 33#33: exit
2024/11/21 16:52:35 [notice] 32#32: exit
2024/11/21 16:52:35 [notice] 36#36: exit
2024/11/21 16:52:35 [notice] 35#35: exit
2024/11/21 16:52:35 [notice] 40#40: gracefully shutting down
2024/11/21 16:52:35 [notice] 37#37: exit
2024/11/21 16:52:35 [notice] 39#39: exit
2024/11/21 16:52:35 [notice] 40#40: exiting
2024/11/21 16:52:35 [notice] 30#30: exit
2024/11/21 16:52:35 [notice] 38#38: exit
2024/11/21 16:52:35 [notice] 40#40: exit
2024/11/21 16:52:35 [notice] 34#34: exit
2024/11/21 16:52:35 [notice] 1#1: signal 17 (SIGCHLD) received from 32
2024/11/21 16:52:35 [notice] 1#1: worker process 29 exited with code 0
2024/11/21 16:52:35 [notice] 1#1: worker process 31 exited with code 0
2024/11/21 16:52:35 [notice] 1#1: worker process 32 exited with code 0
2024/11/21 16:52:35 [notice] 1#1: worker process 33 exited with code 0
2024/11/21 16:52:35 [notice] 1#1: worker process 35 exited with code 0
2024/11/21 16:52:35 [notice] 1#1: worker process 36 exited with code 0
2024/11/21 16:52:35 [notice] 1#1: worker process 30 exited with code 0
2024/11/21 16:52:35 [notice] 1#1: worker process 37 exited with code 0
2024/11/21 16:52:35 [notice] 1#1: worker process 39 exited with code 0
2024/11/21 16:52:35 [notice] 1#1: worker process 40 exited with code 0
2024/11/21 16:52:35 [notice] 1#1: worker process 38 exited with code 0
2024/11/21 16:52:35 [notice] 1#1: signal 29 (SIGIO) received
2024/11/21 16:52:35 [notice] 1#1: signal 17 (SIGCHLD) received from 29
2024/11/21 16:52:35 [notice] 1#1: worker process 34 exited with code 0
2024/11/21 16:52:35 [notice] 1#1: exit
2024/11/22 08:59:26 [notice] 1#1: using the "epoll" event method
2024/11/22 08:59:26 [notice] 1#1: nginx/1.26.2
2024/11/22 08:59:26 [notice] 1#1: built by gcc 13.2.1 20240309 (Alpine 13.2.1_git20240309) 
2024/11/22 08:59:26 [notice] 1#1: OS: Linux 5.15.153.1-microsoft-standard-WSL2
2024/11/22 08:59:26 [notice] 1#1: getrlimit(RLIMIT_NOFILE): 1048576:1048576
2024/11/22 08:59:26 [notice] 1#1: start worker processes
2024/11/22 08:59:26 [notice] 1#1: start worker process 30
2024/11/22 08:59:26 [notice] 1#1: start worker process 31
2024/11/22 08:59:26 [notice] 1#1: start worker process 32
2024/11/22 08:59:26 [notice] 1#1: start worker process 33
2024/11/22 08:59:26 [notice] 1#1: start worker process 34
2024/11/22 08:59:26 [notice] 1#1: start worker process 35
2024/11/22 08:59:26 [notice] 1#1: start worker process 36
2024/11/22 08:59:26 [notice] 1#1: start worker process 37
2024/11/22 08:59:26 [notice] 1#1: start worker process 38
2024/11/22 08:59:26 [notice] 1#1: start worker process 39
2024/11/22 08:59:26 [notice] 1#1: start worker process 40
2024/11/22 08:59:26 [notice] 1#1: start worker process 41
2024/11/22 15:39:40 [notice] 1#1: signal 3 (SIGQUIT) received, shutting down
2024/11/22 15:39:40 [notice] 30#30: gracefully shutting down
2024/11/22 15:39:40 [notice] 31#31: gracefully shutting down
2024/11/22 15:39:40 [notice] 32#32: gracefully shutting down
2024/11/22 15:39:40 [notice] 33#33: gracefully shutting down
2024/11/22 15:39:40 [notice] 34#34: gracefully shutting down
2024/11/22 15:39:40 [notice] 35#35: gracefully shutting down
2024/11/22 15:39:40 [notice] 36#36: gracefully shutting down
2024/11/22 15:39:40 [notice] 39#39: gracefully shutting down
2024/11/22 15:39:40 [notice] 38#38: gracefully shutting down
2024/11/22 15:39:40 [notice] 40#40: gracefully shutting down
2024/11/22 15:39:40 [notice] 31#31: exiting
2024/11/22 15:39:40 [notice] 37#37: gracefully shutting down
2024/11/22 15:39:40 [notice] 32#32: exiting
2024/11/22 15:39:40 [notice] 33#33: exiting
2024/11/22 15:39:40 [notice] 34#34: exiting
2024/11/22 15:39:40 [notice] 35#35: exiting
2024/11/22 15:39:40 [notice] 39#39: exiting
2024/11/22 15:39:40 [notice] 38#38: exiting
2024/11/22 15:39:40 [notice] 41#41: gracefully shutting down
2024/11/22 15:39:40 [notice] 36#36: exiting
2024/11/22 15:39:40 [notice] 40#40: exiting
2024/11/22 15:39:40 [notice] 37#37: exiting
2024/11/22 15:39:40 [notice] 31#31: exit
2024/11/22 15:39:40 [notice] 38#38: exit
2024/11/22 15:39:40 [notice] 34#34: exit
2024/11/22 15:39:40 [notice] 39#39: exit
2024/11/22 15:39:40 [notice] 36#36: exit
2024/11/22 15:39:40 [notice] 35#35: exit
2024/11/22 15:39:40 [notice] 33#33: exit
2024/11/22 15:39:40 [notice] 32#32: exit
2024/11/22 15:39:40 [notice] 40#40: exit
2024/11/22 15:39:40 [notice] 37#37: exit
2024/11/22 15:39:40 [notice] 41#41: exiting
2024/11/22 15:39:40 [notice] 41#41: exit
2024/11/22 15:39:40 [notice] 1#1: signal 17 (SIGCHLD) received from 35
2024/11/22 15:39:40 [notice] 1#1: worker process 32 exited with code 0
2024/11/22 15:39:40 [notice] 1#1: worker process 33 exited with code 0
2024/11/22 15:39:40 [notice] 1#1: worker process 34 exited with code 0
2024/11/22 15:39:40 [notice] 1#1: worker process 35 exited with code 0
2024/11/22 15:39:40 [notice] 1#1: worker process 36 exited with code 0
2024/11/22 15:39:40 [notice] 1#1: worker process 37 exited with code 0
2024/11/22 15:39:40 [notice] 1#1: worker process 38 exited with code 0
2024/11/22 15:39:40 [notice] 1#1: worker process 40 exited with code 0
2024/11/22 15:39:40 [notice] 1#1: worker process 41 exited with code 0
2024/11/22 15:39:40 [notice] 1#1: signal 29 (SIGIO) received
2024/11/22 15:39:40 [notice] 1#1: signal 17 (SIGCHLD) received from 38
2024/11/22 15:39:40 [notice] 1#1: signal 17 (SIGCHLD) received from 39
2024/11/22 15:39:40 [notice] 1#1: worker process 39 exited with code 0
2024/11/22 15:39:40 [notice] 1#1: signal 29 (SIGIO) received
2024/11/22 15:39:40 [notice] 1#1: signal 17 (SIGCHLD) received from 31
2024/11/22 15:39:40 [notice] 1#1: worker process 31 exited with code 0
2024/11/22 15:39:40 [notice] 1#1: signal 29 (SIGIO) received
2024/11/22 15:39:51 [notice] 1#1: using the "epoll" event method
2024/11/22 15:39:51 [notice] 1#1: nginx/1.26.2
2024/11/22 15:39:51 [notice] 1#1: built by gcc 13.2.1 20240309 (Alpine 13.2.1_git20240309) 
2024/11/22 15:39:51 [notice] 1#1: OS: Linux 5.15.153.1-microsoft-standard-WSL2
2024/11/22 15:39:51 [notice] 1#1: getrlimit(RLIMIT_NOFILE): 1048576:1048576
2024/11/22 15:39:51 [notice] 1#1: start worker processes
2024/11/22 15:39:51 [notice] 1#1: start worker process 29
2024/11/22 15:39:51 [notice] 1#1: start worker process 30
2024/11/22 15:39:51 [notice] 1#1: start worker process 31
2024/11/22 15:39:51 [notice] 1#1: start worker process 32
2024/11/22 15:39:51 [notice] 1#1: start worker process 33
2024/11/22 15:39:51 [notice] 1#1: start worker process 34
2024/11/22 15:39:51 [notice] 1#1: start worker process 35
2024/11/22 15:39:51 [notice] 1#1: start worker process 36
2024/11/22 15:39:51 [notice] 1#1: start worker process 37
2024/11/22 15:39:51 [notice] 1#1: start worker process 38
2024/11/22 15:39:51 [notice] 1#1: start worker process 39
2024/11/22 15:39:51 [notice] 1#1: start worker process 40
2024/11/22 15:41:15 [notice] 1#1: signal 3 (SIGQUIT) received, shutting down
2024/11/22 15:41:15 [notice] 29#29: gracefully shutting down
2024/11/22 15:41:15 [notice] 30#30: gracefully shutting down
2024/11/22 15:41:15 [notice] 33#33: gracefully shutting down
2024/11/22 15:41:15 [notice] 29#29: exiting
2024/11/22 15:41:15 [notice] 31#31: gracefully shutting down
2024/11/22 15:41:15 [notice] 32#32: gracefully shutting down
2024/11/22 15:41:15 [notice] 33#33: exiting
2024/11/22 15:41:15 [notice] 34#34: gracefully shutting down
2024/11/22 15:41:15 [notice] 35#35: gracefully shutting down
2024/11/22 15:41:15 [notice] 36#36: gracefully shutting down
2024/11/22 15:41:15 [notice] 34#34: exiting
2024/11/22 15:41:15 [notice] 37#37: gracefully shutting down
2024/11/22 15:41:15 [notice] 31#31: exiting
2024/11/22 15:41:15 [notice] 39#39: gracefully shutting down
2024/11/22 15:41:15 [notice] 37#37: exiting
2024/11/22 15:41:15 [notice] 40#40: gracefully shutting down
2024/11/22 15:41:15 [notice] 36#36: exiting
2024/11/22 15:41:15 [notice] 32#32: exiting
2024/11/22 15:41:15 [notice] 35#35: exiting
2024/11/22 15:41:15 [notice] 39#39: exiting
2024/11/22 15:41:15 [notice] 29#29: exit
2024/11/22 15:41:15 [notice] 34#34: exit
2024/11/22 15:41:15 [notice] 31#31: exit
2024/11/22 15:41:15 [notice] 38#38: gracefully shutting down
2024/11/22 15:41:15 [notice] 36#36: exit
2024/11/22 15:41:15 [notice] 33#33: exit
2024/11/22 15:41:15 [notice] 32#32: exit
2024/11/22 15:41:15 [notice] 37#37: exit
2024/11/22 15:41:15 [notice] 35#35: exit
2024/11/22 15:41:15 [notice] 40#40: exiting
2024/11/22 15:41:15 [notice] 39#39: exit
2024/11/22 15:41:15 [notice] 38#38: exiting
2024/11/22 15:41:15 [notice] 40#40: exit
2024/11/22 15:41:15 [notice] 38#38: exit
2024/11/22 15:41:15 [notice] 30#30: exiting
2024/11/22 15:41:15 [notice] 30#30: exit
2024/11/22 15:41:15 [notice] 1#1: signal 17 (SIGCHLD) received from 29
2024/11/22 15:41:15 [notice] 1#1: worker process 29 exited with code 0
2024/11/22 15:41:15 [notice] 1#1: worker process 31 exited with code 0
2024/11/22 15:41:15 [notice] 1#1: worker process 32 exited with code 0
2024/11/22 15:41:15 [notice] 1#1: worker process 34 exited with code 0
2024/11/22 15:41:15 [notice] 1#1: worker process 35 exited with code 0
2024/11/22 15:41:15 [notice] 1#1: worker process 36 exited with code 0
2024/11/22 15:41:15 [notice] 1#1: worker process 37 exited with code 0
2024/11/22 15:41:15 [notice] 1#1: worker process 40 exited with code 0
2024/11/22 15:41:15 [notice] 1#1: signal 29 (SIGIO) received
2024/11/22 15:41:15 [notice] 1#1: signal 17 (SIGCHLD) received from 31
2024/11/22 15:41:15 [notice] 1#1: signal 17 (SIGCHLD) received from 39
2024/11/22 15:41:15 [notice] 1#1: worker process 33 exited with code 0
2024/11/22 15:41:15 [notice] 1#1: worker process 39 exited with code 0
2024/11/22 15:41:15 [notice] 1#1: signal 29 (SIGIO) received
2024/11/22 15:41:15 [notice] 1#1: signal 17 (SIGCHLD) received from 38
2024/11/22 15:41:15 [notice] 1#1: worker process 38 exited with code 0
2024/11/22 15:41:15 [notice] 1#1: signal 29 (SIGIO) received
2024/11/22 15:41:15 [notice] 1#1: signal 17 (SIGCHLD) received from 30
2024/11/22 15:41:15 [notice] 1#1: worker process 30 exited with code 0
2024/11/22 15:41:15 [notice] 1#1: exit
2024/11/22 15:41:16 [notice] 1#1: using the "epoll" event method
2024/11/22 15:41:16 [notice] 1#1: nginx/1.26.2
2024/11/22 15:41:16 [notice] 1#1: built by gcc 13.2.1 20240309 (Alpine 13.2.1_git20240309) 
2024/11/22 15:41:16 [notice] 1#1: OS: Linux 5.15.153.1-microsoft-standard-WSL2
2024/11/22 15:41:16 [notice] 1#1: getrlimit(RLIMIT_NOFILE): 1048576:1048576
2024/11/22 15:41:16 [notice] 1#1: start worker processes
2024/11/22 15:41:16 [notice] 1#1: start worker process 29
2024/11/22 15:41:16 [notice] 1#1: start worker process 30
2024/11/22 15:41:16 [notice] 1#1: start worker process 31
2024/11/22 15:41:16 [notice] 1#1: start worker process 32
2024/11/22 15:41:16 [notice] 1#1: start worker process 33
2024/11/22 15:41:16 [notice] 1#1: start worker process 34
2024/11/22 15:41:16 [notice] 1#1: start worker process 35
2024/11/22 15:41:16 [notice] 1#1: start worker process 36
2024/11/22 15:41:16 [notice] 1#1: start worker process 37
2024/11/22 15:41:16 [notice] 1#1: start worker process 38
2024/11/22 15:41:16 [notice] 1#1: start worker process 39
2024/11/22 15:41:16 [notice] 1#1: start worker process 40
2024/11/22 15:58:52 [notice] 1#1: signal 3 (SIGQUIT) received, shutting down
2024/11/22 15:58:52 [notice] 31#31: gracefully shutting down
2024/11/22 15:58:52 [notice] 32#32: gracefully shutting down
2024/11/22 15:58:52 [notice] 29#29: gracefully shutting down
2024/11/22 15:58:52 [notice] 30#30: gracefully shutting down
2024/11/22 15:58:52 [notice] 35#35: gracefully shutting down
2024/11/22 15:58:52 [notice] 40#40: gracefully shutting down
2024/11/22 15:58:52 [notice] 31#31: exiting
2024/11/22 15:58:52 [notice] 38#38: gracefully shutting down
2024/11/22 15:58:52 [notice] 34#34: gracefully shutting down
2024/11/22 15:58:52 [notice] 32#32: exiting
2024/11/22 15:58:52 [notice] 36#36: gracefully shutting down
2024/11/22 15:58:52 [notice] 40#40: exiting
2024/11/22 15:58:52 [notice] 33#33: gracefully shutting down
2024/11/22 15:58:52 [notice] 38#38: exiting
2024/11/22 15:58:52 [notice] 34#34: exiting
2024/11/22 15:58:52 [notice] 37#37: gracefully shutting down
2024/11/22 15:58:52 [notice] 39#39: gracefully shutting down
2024/11/22 15:58:52 [notice] 29#29: exiting
2024/11/22 15:58:52 [notice] 33#33: exiting
2024/11/22 15:58:52 [notice] 35#35: exiting
2024/11/22 15:58:52 [notice] 34#34: exit
2024/11/22 15:58:52 [notice] 32#32: exit
2024/11/22 15:58:52 [notice] 30#30: exiting
2024/11/22 15:58:52 [notice] 31#31: exit
2024/11/22 15:58:52 [notice] 38#38: exit
2024/11/22 15:58:52 [notice] 36#36: exiting
2024/11/22 15:58:52 [notice] 35#35: exit
2024/11/22 15:58:52 [notice] 39#39: exiting
2024/11/22 15:58:52 [notice] 33#33: exit
2024/11/22 15:58:52 [notice] 30#30: exit
2024/11/22 15:58:52 [notice] 36#36: exit
2024/11/22 15:58:52 [notice] 40#40: exit
2024/11/22 15:58:52 [notice] 39#39: exit
2024/11/22 15:58:52 [notice] 29#29: exit
2024/11/22 15:58:52 [notice] 37#37: exiting
2024/11/22 15:58:52 [notice] 37#37: exit
2024/11/22 15:58:52 [notice] 1#1: signal 17 (SIGCHLD) received from 37
2024/11/22 15:58:52 [notice] 1#1: worker process 37 exited with code 0
2024/11/22 15:58:52 [notice] 1#1: signal 29 (SIGIO) received
2024/11/22 15:58:52 [notice] 1#1: signal 17 (SIGCHLD) received from 38
2024/11/22 15:58:52 [notice] 1#1: worker process 30 exited with code 0
2024/11/22 15:58:52 [notice] 1#1: worker process 36 exited with code 0
2024/11/22 15:58:52 [notice] 1#1: worker process 38 exited with code 0
2024/11/22 15:58:52 [notice] 1#1: worker process 39 exited with code 0
2024/11/22 15:58:52 [notice] 1#1: signal 29 (SIGIO) received
2024/11/22 15:58:52 [notice] 1#1: signal 17 (SIGCHLD) received from 40
2024/11/22 15:58:52 [notice] 1#1: worker process 33 exited with code 0
2024/11/22 15:58:52 [notice] 1#1: worker process 40 exited with code 0
2024/11/22 15:58:52 [notice] 1#1: signal 29 (SIGIO) received
2024/11/22 15:58:52 [notice] 1#1: signal 17 (SIGCHLD) received from 35
2024/11/22 15:58:52 [notice] 1#1: worker process 29 exited with code 0
2024/11/22 15:58:52 [notice] 1#1: worker process 31 exited with code 0
2024/11/22 15:58:52 [notice] 1#1: worker process 32 exited with code 0
2024/11/22 15:58:52 [notice] 1#1: worker process 35 exited with code 0
2024/11/22 15:58:52 [notice] 1#1: signal 29 (SIGIO) received
2024/11/22 15:58:52 [notice] 1#1: signal 17 (SIGCHLD) received from 34
2024/11/22 15:58:52 [notice] 1#1: worker process 34 exited with code 0
2024/11/22 15:58:52 [notice] 1#1: exit
2024/11/22 15:58:53 [notice] 1#1: using the "epoll" event method
2024/11/22 15:58:53 [notice] 1#1: nginx/1.26.2
2024/11/22 15:58:53 [notice] 1#1: built by gcc 13.2.1 20240309 (Alpine 13.2.1_git20240309) 
2024/11/22 15:58:53 [notice] 1#1: OS: Linux 5.15.153.1-microsoft-standard-WSL2
2024/11/22 15:58:53 [notice] 1#1: getrlimit(RLIMIT_NOFILE): 1048576:1048576
2024/11/22 15:58:53 [notice] 1#1: start worker processes
2024/11/22 15:58:53 [notice] 1#1: start worker process 29
2024/11/22 15:58:53 [notice] 1#1: start worker process 30
2024/11/22 15:58:53 [notice] 1#1: start worker process 31
2024/11/22 15:58:53 [notice] 1#1: start worker process 32
2024/11/22 15:58:53 [notice] 1#1: start worker process 33
2024/11/22 15:58:53 [notice] 1#1: start worker process 34
2024/11/22 15:58:53 [notice] 1#1: start worker process 35
2024/11/22 15:58:53 [notice] 1#1: start worker process 36
2024/11/22 15:58:53 [notice] 1#1: start worker process 37
2024/11/22 15:58:53 [notice] 1#1: start worker process 38
2024/11/22 15:58:53 [notice] 1#1: start worker process 39
2024/11/22 15:58:53 [notice] 1#1: start worker process 40
2024/11/22 16:00:43 [notice] 1#1: signal 3 (SIGQUIT) received, shutting down
2024/11/22 16:00:43 [notice] 29#29: gracefully shutting down
2024/11/22 16:00:43 [notice] 30#30: gracefully shutting down
2024/11/22 16:00:43 [notice] 31#31: gracefully shutting down
2024/11/22 16:00:43 [notice] 29#29: exiting
2024/11/22 16:00:43 [notice] 33#33: gracefully shutting down
2024/11/22 16:00:43 [notice] 32#32: gracefully shutting down
2024/11/22 16:00:43 [notice] 36#36: gracefully shutting down
2024/11/22 16:00:43 [notice] 30#30: exiting
2024/11/22 16:00:43 [notice] 35#35: gracefully shutting down
2024/11/22 16:00:43 [notice] 34#34: gracefully shutting down
2024/11/22 16:00:43 [notice] 31#31: exiting
2024/11/22 16:00:43 [notice] 33#33: exiting
2024/11/22 16:00:43 [notice] 37#37: gracefully shutting down
2024/11/22 16:00:43 [notice] 35#35: exiting
2024/11/22 16:00:43 [notice] 34#34: exiting
2024/11/22 16:00:43 [notice] 36#36: exiting
2024/11/22 16:00:43 [notice] 37#37: exiting
2024/11/22 16:00:43 [notice] 32#32: exiting
2024/11/22 16:00:43 [notice] 39#39: gracefully shutting down
2024/11/22 16:00:43 [notice] 29#29: exit
2024/11/22 16:00:43 [notice] 30#30: exit
2024/11/22 16:00:43 [notice] 33#33: exit
2024/11/22 16:00:43 [notice] 31#31: exit
2024/11/22 16:00:43 [notice] 35#35: exit
2024/11/22 16:00:43 [notice] 37#37: exit
2024/11/22 16:00:43 [notice] 34#34: exit
2024/11/22 16:00:43 [notice] 32#32: exit
2024/11/22 16:00:43 [notice] 36#36: exit
2024/11/22 16:00:43 [notice] 39#39: exiting
2024/11/22 16:00:43 [notice] 39#39: exit
2024/11/22 16:00:43 [notice] 40#40: gracefully shutting down
2024/11/22 16:00:43 [notice] 38#38: gracefully shutting down
2024/11/22 16:00:43 [notice] 40#40: exiting
2024/11/22 16:00:43 [notice] 38#38: exiting
2024/11/22 16:00:43 [notice] 40#40: exit
2024/11/22 16:00:43 [notice] 38#38: exit
2024/11/22 16:00:43 [notice] 1#1: signal 17 (SIGCHLD) received from 37
2024/11/22 16:00:43 [notice] 1#1: worker process 35 exited with code 0
2024/11/22 16:00:43 [notice] 1#1: worker process 37 exited with code 0
2024/11/22 16:00:43 [notice] 1#1: worker process 39 exited with code 0
2024/11/22 16:00:43 [notice] 1#1: signal 29 (SIGIO) received
2024/11/22 16:00:43 [notice] 1#1: signal 17 (SIGCHLD) received from 33
2024/11/22 16:00:43 [notice] 1#1: worker process 33 exited with code 0
2024/11/22 16:00:43 [notice] 1#1: worker process 38 exited with code 0
2024/11/22 16:00:43 [notice] 1#1: signal 29 (SIGIO) received
2024/11/22 16:00:43 [notice] 1#1: signal 17 (SIGCHLD) received from 31
2024/11/22 16:00:43 [notice] 1#1: worker process 30 exited with code 0
2024/11/22 16:00:43 [notice] 1#1: worker process 31 exited with code 0
2024/11/22 16:00:43 [notice] 1#1: signal 29 (SIGIO) received
2024/11/22 16:00:43 [notice] 1#1: signal 17 (SIGCHLD) received from 34
2024/11/22 16:00:43 [notice] 1#1: worker process 32 exited with code 0
2024/11/22 16:00:43 [notice] 1#1: worker process 34 exited with code 0
2024/11/22 16:00:43 [notice] 1#1: signal 29 (SIGIO) received
2024/11/22 16:00:43 [notice] 1#1: signal 17 (SIGCHLD) received from 29
2024/11/22 16:00:43 [notice] 1#1: worker process 29 exited with code 0
2024/11/22 16:00:43 [notice] 1#1: signal 29 (SIGIO) received
2024/11/22 16:00:43 [notice] 1#1: signal 17 (SIGCHLD) received from 36
2024/11/22 16:00:43 [notice] 1#1: worker process 36 exited with code 0
2024/11/22 16:00:43 [notice] 1#1: signal 29 (SIGIO) received
2024/11/22 16:00:43 [notice] 1#1: signal 17 (SIGCHLD) received from 40
2024/11/22 16:00:43 [notice] 1#1: worker process 40 exited with code 0
2024/11/22 16:00:43 [notice] 1#1: exit
2024/11/22 16:00:44 [notice] 1#1: using the "epoll" event method
2024/11/22 16:00:44 [notice] 1#1: nginx/1.26.2
2024/11/22 16:00:44 [notice] 1#1: built by gcc 13.2.1 20240309 (Alpine 13.2.1_git20240309) 
2024/11/22 16:00:44 [notice] 1#1: OS: Linux 5.15.153.1-microsoft-standard-WSL2
2024/11/22 16:00:44 [notice] 1#1: getrlimit(RLIMIT_NOFILE): 1048576:1048576
2024/11/22 16:00:44 [notice] 1#1: start worker processes
2024/11/22 16:00:44 [notice] 1#1: start worker process 29
2024/11/22 16:00:44 [notice] 1#1: start worker process 30
2024/11/22 16:00:44 [notice] 1#1: start worker process 31
2024/11/22 16:00:44 [notice] 1#1: start worker process 32
2024/11/22 16:00:44 [notice] 1#1: start worker process 33
2024/11/22 16:00:44 [notice] 1#1: start worker process 34
2024/11/22 16:00:44 [notice] 1#1: start worker process 35
2024/11/22 16:00:44 [notice] 1#1: start worker process 36
2024/11/22 16:00:44 [notice] 1#1: start worker process 37
2024/11/22 16:00:44 [notice] 1#1: start worker process 38
2024/11/22 16:00:44 [notice] 1#1: start worker process 39
2024/11/22 16:00:44 [notice] 1#1: start worker process 40
2024/11/22 16:03:17 [notice] 1#1: signal 3 (SIGQUIT) received, shutting down
2024/11/22 16:03:17 [notice] 30#30: gracefully shutting down
2024/11/22 16:03:17 [notice] 29#29: gracefully shutting down
2024/11/22 16:03:17 [notice] 31#31: gracefully shutting down
2024/11/22 16:03:17 [notice] 32#32: gracefully shutting down
2024/11/22 16:03:17 [notice] 29#29: exiting
2024/11/22 16:03:17 [notice] 32#32: exiting
2024/11/22 16:03:17 [notice] 34#34: gracefully shutting down
2024/11/22 16:03:17 [notice] 33#33: gracefully shutting down
2024/11/22 16:03:17 [notice] 36#36: gracefully shutting down
2024/11/22 16:03:17 [notice] 40#40: gracefully shutting down
2024/11/22 16:03:17 [notice] 39#39: gracefully shutting down
2024/11/22 16:03:17 [notice] 29#29: exit
2024/11/22 16:03:17 [notice] 36#36: exiting
2024/11/22 16:03:17 [notice] 32#32: exit
2024/11/22 16:03:17 [notice] 39#39: exiting
2024/11/22 16:03:17 [notice] 37#37: gracefully shutting down
2024/11/22 16:03:17 [notice] 37#37: exiting
2024/11/22 16:03:17 [notice] 33#33: exiting
2024/11/22 16:03:17 [notice] 36#36: exit
2024/11/22 16:03:17 [notice] 39#39: exit
2024/11/22 16:03:17 [notice] 37#37: exit
2024/11/22 16:03:17 [notice] 33#33: exit
2024/11/22 16:03:17 [notice] 40#40: exiting
2024/11/22 16:03:17 [notice] 31#31: exiting
2024/11/22 16:03:17 [notice] 31#31: exit
2024/11/22 16:03:17 [notice] 40#40: exit
2024/11/22 16:03:17 [notice] 30#30: exiting
2024/11/22 16:03:17 [notice] 30#30: exit
2024/11/22 16:03:17 [notice] 38#38: gracefully shutting down
2024/11/22 16:03:17 [notice] 38#38: exiting
2024/11/22 16:03:17 [notice] 38#38: exit
2024/11/22 16:03:17 [notice] 35#35: gracefully shutting down
2024/11/22 16:03:17 [notice] 35#35: exiting
2024/11/22 16:03:17 [notice] 35#35: exit
2024/11/22 16:03:17 [notice] 1#1: signal 17 (SIGCHLD) received from 40
2024/11/22 16:03:17 [notice] 1#1: worker process 31 exited with code 0
2024/11/22 16:03:17 [notice] 1#1: worker process 40 exited with code 0
2024/11/22 16:03:17 [notice] 1#1: signal 29 (SIGIO) received
2024/11/22 16:03:17 [notice] 1#1: signal 17 (SIGCHLD) received from 31
2024/11/22 16:03:17 [notice] 1#1: signal 17 (SIGCHLD) received from 39
2024/11/22 16:03:17 [notice] 1#1: worker process 32 exited with code 0
2024/11/22 16:03:17 [notice] 1#1: worker process 39 exited with code 0
2024/11/22 16:03:17 [notice] 1#1: signal 29 (SIGIO) received
2024/11/22 16:03:17 [notice] 1#1: signal 17 (SIGCHLD) received from 30
2024/11/22 16:03:17 [notice] 1#1: worker process 30 exited with code 0
2024/11/22 16:03:17 [notice] 1#1: worker process 37 exited with code 0
2024/11/22 16:03:17 [notice] 1#1: signal 29 (SIGIO) received
2024/11/22 16:03:17 [notice] 1#1: signal 17 (SIGCHLD) received from 36
2024/11/22 16:03:17 [notice] 1#1: worker process 35 exited with code 0
2024/11/22 16:03:17 [notice] 1#1: worker process 36 exited with code 0
2024/11/22 16:03:17 [notice] 1#1: signal 29 (SIGIO) received
2024/11/22 16:03:17 [notice] 1#1: signal 17 (SIGCHLD) received from 38
2024/11/22 16:03:17 [notice] 1#1: worker process 38 exited with code 0
2024/11/22 16:03:17 [notice] 1#1: signal 29 (SIGIO) received
2024/11/22 16:03:17 [notice] 1#1: signal 17 (SIGCHLD) received from 33
2024/11/22 16:03:17 [notice] 1#1: worker process 33 exited with code 0
2024/11/22 16:03:17 [notice] 1#1: signal 29 (SIGIO) received
2024/11/22 16:03:17 [notice] 1#1: signal 17 (SIGCHLD) received from 29
2024/11/22 16:03:17 [notice] 1#1: worker process 29 exited with code 0
2024/11/22 16:03:17 [notice] 1#1: signal 29 (SIGIO) received
2024/11/22 16:03:24 [notice] 34#34: exiting
2024/11/22 16:03:24 [notice] 34#34: exit
2024/11/22 16:03:25 [notice] 1#1: signal 17 (SIGCHLD) received from 34
2024/11/22 16:03:25 [notice] 1#1: worker process 34 exited with code 0
2024/11/22 16:03:25 [notice] 1#1: exit
2024/11/22 16:03:25 [notice] 1#1: using the "epoll" event method
2024/11/22 16:03:25 [notice] 1#1: nginx/1.26.2
2024/11/22 16:03:25 [notice] 1#1: built by gcc 13.2.1 20240309 (Alpine 13.2.1_git20240309) 
2024/11/22 16:03:25 [notice] 1#1: OS: Linux 5.15.153.1-microsoft-standard-WSL2
2024/11/22 16:03:25 [notice] 1#1: getrlimit(RLIMIT_NOFILE): 1048576:1048576
2024/11/22 16:03:25 [notice] 1#1: start worker processes
2024/11/22 16:03:25 [notice] 1#1: start worker process 29
2024/11/22 16:03:25 [notice] 1#1: start worker process 30
2024/11/22 16:03:25 [notice] 1#1: start worker process 31
2024/11/22 16:03:25 [notice] 1#1: start worker process 32
2024/11/22 16:03:25 [notice] 1#1: start worker process 33
2024/11/22 16:03:25 [notice] 1#1: start worker process 34
2024/11/22 16:03:25 [notice] 1#1: start worker process 35
2024/11/22 16:03:25 [notice] 1#1: start worker process 36
2024/11/22 16:03:25 [notice] 1#1: start worker process 37
2024/11/22 16:03:25 [notice] 1#1: start worker process 38
2024/11/22 16:03:25 [notice] 1#1: start worker process 39
2024/11/22 16:03:25 [notice] 1#1: start worker process 40
2024/11/22 16:04:58 [notice] 1#1: signal 3 (SIGQUIT) received, shutting down
2024/11/22 16:04:58 [notice] 29#29: gracefully shutting down
2024/11/22 16:04:58 [notice] 29#29: exiting
2024/11/22 16:04:58 [notice] 30#30: gracefully shutting down
2024/11/22 16:04:58 [notice] 31#31: gracefully shutting down
2024/11/22 16:04:58 [notice] 32#32: gracefully shutting down
2024/11/22 16:04:58 [notice] 34#34: gracefully shutting down
2024/11/22 16:04:58 [notice] 33#33: gracefully shutting down
2024/11/22 16:04:58 [notice] 30#30: exiting
2024/11/22 16:04:58 [notice] 35#35: gracefully shutting down
2024/11/22 16:04:58 [notice] 31#31: exiting
2024/11/22 16:04:58 [notice] 36#36: gracefully shutting down
2024/11/22 16:04:58 [notice] 38#38: gracefully shutting down
2024/11/22 16:04:58 [notice] 37#37: gracefully shutting down
2024/11/22 16:04:58 [notice] 29#29: exit
2024/11/22 16:04:58 [notice] 39#39: gracefully shutting down
2024/11/22 16:04:58 [notice] 38#38: exiting
2024/11/22 16:04:58 [notice] 35#35: exiting
2024/11/22 16:04:58 [notice] 32#32: exiting
2024/11/22 16:04:58 [notice] 34#34: exiting
2024/11/22 16:04:58 [notice] 36#36: exiting
2024/11/22 16:04:58 [notice] 33#33: exiting
2024/11/22 16:04:58 [notice] 39#39: exiting
2024/11/22 16:04:58 [notice] 31#31: exit
2024/11/22 16:04:58 [notice] 30#30: exit
2024/11/22 16:04:58 [notice] 37#37: exiting
2024/11/22 16:04:58 [notice] 35#35: exit
2024/11/22 16:04:58 [notice] 38#38: exit
2024/11/22 16:04:58 [notice] 32#32: exit
2024/11/22 16:04:58 [notice] 34#34: exit
2024/11/22 16:04:58 [notice] 39#39: exit
2024/11/22 16:04:58 [notice] 36#36: exit
2024/11/22 16:04:58 [notice] 33#33: exit
2024/11/22 16:04:58 [notice] 37#37: exit
2024/11/22 16:04:58 [notice] 40#40: gracefully shutting down
2024/11/22 16:04:58 [notice] 40#40: exiting
2024/11/22 16:04:58 [notice] 40#40: exit
2024/11/22 16:04:59 [notice] 1#1: signal 17 (SIGCHLD) received from 33
2024/11/22 16:04:59 [notice] 1#1: worker process 33 exited with code 0
2024/11/22 16:04:59 [notice] 1#1: signal 29 (SIGIO) received
2024/11/22 16:04:59 [notice] 1#1: signal 17 (SIGCHLD) received from 39
2024/11/22 16:04:59 [notice] 1#1: worker process 29 exited with code 0
2024/11/22 16:04:59 [notice] 1#1: worker process 31 exited with code 0
2024/11/22 16:04:59 [notice] 1#1: worker process 32 exited with code 0
2024/11/22 16:04:59 [notice] 1#1: worker process 34 exited with code 0
2024/11/22 16:04:59 [notice] 1#1: worker process 35 exited with code 0
2024/11/22 16:04:59 [notice] 1#1: worker process 39 exited with code 0
2024/11/22 16:04:59 [notice] 1#1: worker process 40 exited with code 0
2024/11/22 16:04:59 [notice] 1#1: signal 29 (SIGIO) received
2024/11/22 16:04:59 [notice] 1#1: signal 17 (SIGCHLD) received from 34
2024/11/22 16:04:59 [notice] 1#1: signal 17 (SIGCHLD) received from 30
2024/11/22 16:04:59 [notice] 1#1: worker process 30 exited with code 0
2024/11/22 16:04:59 [notice] 1#1: worker process 37 exited with code 0
2024/11/22 16:04:59 [notice] 1#1: signal 29 (SIGIO) received
2024/11/22 16:04:59 [notice] 1#1: signal 17 (SIGCHLD) received from 38
2024/11/22 16:04:59 [notice] 1#1: worker process 38 exited with code 0
2024/11/22 16:04:59 [notice] 1#1: signal 29 (SIGIO) received
2024/11/22 16:04:59 [notice] 1#1: signal 17 (SIGCHLD) received from 36
2024/11/22 16:04:59 [notice] 1#1: worker process 36 exited with code 0
2024/11/22 16:04:59 [notice] 1#1: exit
2024/11/22 16:04:59 [notice] 1#1: using the "epoll" event method
2024/11/22 16:04:59 [notice] 1#1: nginx/1.26.2
2024/11/22 16:04:59 [notice] 1#1: built by gcc 13.2.1 20240309 (Alpine 13.2.1_git20240309) 
2024/11/22 16:04:59 [notice] 1#1: OS: Linux 5.15.153.1-microsoft-standard-WSL2
2024/11/22 16:04:59 [notice] 1#1: getrlimit(RLIMIT_NOFILE): 1048576:1048576
2024/11/22 16:04:59 [notice] 1#1: start worker processes
2024/11/22 16:04:59 [notice] 1#1: start worker process 29
2024/11/22 16:04:59 [notice] 1#1: start worker process 30
2024/11/22 16:04:59 [notice] 1#1: start worker process 31
2024/11/22 16:04:59 [notice] 1#1: start worker process 32
2024/11/22 16:04:59 [notice] 1#1: start worker process 33
2024/11/22 16:04:59 [notice] 1#1: start worker process 34
2024/11/22 16:04:59 [notice] 1#1: start worker process 35
2024/11/22 16:04:59 [notice] 1#1: start worker process 36
2024/11/22 16:04:59 [notice] 1#1: start worker process 37
2024/11/22 16:04:59 [notice] 1#1: start worker process 38
2024/11/22 16:04:59 [notice] 1#1: start worker process 39
2024/11/22 16:04:59 [notice] 1#1: start worker process 40
2024/11/22 16:06:48 [notice] 1#1: signal 3 (SIGQUIT) received, shutting down
2024/11/22 16:06:48 [notice] 29#29: gracefully shutting down
2024/11/22 16:06:48 [notice] 30#30: gracefully shutting down
2024/11/22 16:06:48 [notice] 29#29: exiting
2024/11/22 16:06:48 [notice] 32#32: gracefully shutting down
2024/11/22 16:06:48 [notice] 33#33: gracefully shutting down
2024/11/22 16:06:48 [notice] 31#31: gracefully shutting down
2024/11/22 16:06:48 [notice] 30#30: exiting
2024/11/22 16:06:48 [notice] 32#32: exiting
2024/11/22 16:06:48 [notice] 34#34: gracefully shutting down
2024/11/22 16:06:48 [notice] 37#37: gracefully shutting down
2024/11/22 16:06:48 [notice] 35#35: gracefully shutting down
2024/11/22 16:06:48 [notice] 33#33: exiting
2024/11/22 16:06:48 [notice] 36#36: gracefully shutting down
2024/11/22 16:06:48 [notice] 39#39: gracefully shutting down
2024/11/22 16:06:48 [notice] 40#40: gracefully shutting down
2024/11/22 16:06:48 [notice] 29#29: exit
2024/11/22 16:06:48 [notice] 31#31: exiting
2024/11/22 16:06:48 [notice] 37#37: exiting
2024/11/22 16:06:48 [notice] 35#35: exiting
2024/11/22 16:06:48 [notice] 34#34: exiting
2024/11/22 16:06:48 [notice] 36#36: exiting
2024/11/22 16:06:48 [notice] 30#30: exit
2024/11/22 16:06:48 [notice] 32#32: exit
2024/11/22 16:06:48 [notice] 33#33: exit
2024/11/22 16:06:48 [notice] 40#40: exiting
2024/11/22 16:06:48 [notice] 31#31: exit
2024/11/22 16:06:48 [notice] 37#37: exit
2024/11/22 16:06:48 [notice] 35#35: exit
2024/11/22 16:06:48 [notice] 34#34: exit
2024/11/22 16:06:48 [notice] 36#36: exit
2024/11/22 16:06:48 [notice] 39#39: exiting
2024/11/22 16:06:48 [notice] 39#39: exit
2024/11/22 16:06:48 [notice] 40#40: exit
2024/11/22 16:06:48 [notice] 38#38: gracefully shutting down
2024/11/22 16:06:48 [notice] 38#38: exiting
2024/11/22 16:06:48 [notice] 38#38: exit
2024/11/22 16:06:48 [notice] 1#1: signal 17 (SIGCHLD) received from 34
2024/11/22 16:06:48 [notice] 1#1: worker process 34 exited with code 0
2024/11/22 16:06:48 [notice] 1#1: signal 29 (SIGIO) received
2024/11/22 16:06:48 [notice] 1#1: signal 17 (SIGCHLD) received from 33
2024/11/22 16:06:48 [notice] 1#1: worker process 31 exited with code 0
2024/11/22 16:06:48 [notice] 1#1: worker process 32 exited with code 0
2024/11/22 16:06:48 [notice] 1#1: worker process 33 exited with code 0
2024/11/22 16:06:48 [notice] 1#1: worker process 36 exited with code 0
2024/11/22 16:06:48 [notice] 1#1: signal 29 (SIGIO) received
2024/11/22 16:06:48 [notice] 1#1: signal 17 (SIGCHLD) received from 36
2024/11/22 16:06:48 [notice] 1#1: signal 17 (SIGCHLD) received from 29
2024/11/22 16:06:48 [notice] 1#1: worker process 29 exited with code 0
2024/11/22 16:06:48 [notice] 1#1: worker process 39 exited with code 0
2024/11/22 16:06:48 [notice] 1#1: signal 29 (SIGIO) received
2024/11/22 16:06:48 [notice] 1#1: signal 17 (SIGCHLD) received from 35
2024/11/22 16:06:48 [notice] 1#1: worker process 35 exited with code 0
2024/11/22 16:06:48 [notice] 1#1: signal 29 (SIGIO) received
2024/11/22 16:06:48 [notice] 1#1: signal 17 (SIGCHLD) received from 30
2024/11/22 16:06:48 [notice] 1#1: worker process 30 exited with code 0
2024/11/22 16:06:48 [notice] 1#1: signal 29 (SIGIO) received
2024/11/22 16:06:48 [notice] 1#1: signal 17 (SIGCHLD) received from 37
2024/11/22 16:06:48 [notice] 1#1: worker process 37 exited with code 0
2024/11/22 16:06:48 [notice] 1#1: worker process 38 exited with code 0
2024/11/22 16:06:48 [notice] 1#1: signal 29 (SIGIO) received
2024/11/22 16:06:48 [notice] 1#1: signal 17 (SIGCHLD) received from 40
2024/11/22 16:06:48 [notice] 1#1: worker process 40 exited with code 0
2024/11/22 16:06:48 [notice] 1#1: exit
2024/11/22 16:06:49 [notice] 1#1: using the "epoll" event method
2024/11/22 16:06:49 [notice] 1#1: nginx/1.26.2
2024/11/22 16:06:49 [notice] 1#1: built by gcc 13.2.1 20240309 (Alpine 13.2.1_git20240309) 
2024/11/22 16:06:49 [notice] 1#1: OS: Linux 5.15.153.1-microsoft-standard-WSL2
2024/11/22 16:06:49 [notice] 1#1: getrlimit(RLIMIT_NOFILE): 1048576:1048576
2024/11/22 16:06:49 [notice] 1#1: start worker processes
2024/11/22 16:06:49 [notice] 1#1: start worker process 29
2024/11/22 16:06:49 [notice] 1#1: start worker process 30
2024/11/22 16:06:49 [notice] 1#1: start worker process 31
2024/11/22 16:06:49 [notice] 1#1: start worker process 32
2024/11/22 16:06:49 [notice] 1#1: start worker process 33
2024/11/22 16:06:49 [notice] 1#1: start worker process 34
2024/11/22 16:06:49 [notice] 1#1: start worker process 35
2024/11/22 16:06:49 [notice] 1#1: start worker process 36
2024/11/22 16:06:49 [notice] 1#1: start worker process 37
2024/11/22 16:06:49 [notice] 1#1: start worker process 38
2024/11/22 16:06:49 [notice] 1#1: start worker process 39
2024/11/22 16:06:49 [notice] 1#1: start worker process 40
2024/11/22 16:07:58 [notice] 1#1: signal 3 (SIGQUIT) received, shutting down
2024/11/22 16:07:58 [notice] 30#30: gracefully shutting down
2024/11/22 16:07:58 [notice] 29#29: gracefully shutting down
2024/11/22 16:07:58 [notice] 33#33: gracefully shutting down
2024/11/22 16:07:58 [notice] 31#31: gracefully shutting down
2024/11/22 16:07:58 [notice] 30#30: exiting
2024/11/22 16:07:58 [notice] 32#32: gracefully shutting down
2024/11/22 16:07:58 [notice] 34#34: gracefully shutting down
2024/11/22 16:07:58 [notice] 35#35: gracefully shutting down
2024/11/22 16:07:58 [notice] 31#31: exiting
2024/11/22 16:07:58 [notice] 36#36: gracefully shutting down
2024/11/22 16:07:58 [notice] 37#37: gracefully shutting down
2024/11/22 16:07:58 [notice] 32#32: exiting
2024/11/22 16:07:58 [notice] 38#38: gracefully shutting down
2024/11/22 16:07:58 [notice] 33#33: exiting
2024/11/22 16:07:58 [notice] 40#40: gracefully shutting down
2024/11/22 16:07:58 [notice] 29#29: exiting
2024/11/22 16:07:58 [notice] 35#35: exiting
2024/11/22 16:07:58 [notice] 37#37: exiting
2024/11/22 16:07:58 [notice] 30#30: exit
2024/11/22 16:07:58 [notice] 36#36: exiting
2024/11/22 16:07:58 [notice] 38#38: exiting
2024/11/22 16:07:58 [notice] 34#34: exiting
2024/11/22 16:07:58 [notice] 33#33: exit
2024/11/22 16:07:58 [notice] 31#31: exit
2024/11/22 16:07:58 [notice] 40#40: exiting
2024/11/22 16:07:58 [notice] 29#29: exit
2024/11/22 16:07:58 [notice] 32#32: exit
2024/11/22 16:07:58 [notice] 35#35: exit
2024/11/22 16:07:58 [notice] 37#37: exit
2024/11/22 16:07:58 [notice] 36#36: exit
2024/11/22 16:07:58 [notice] 34#34: exit
2024/11/22 16:07:58 [notice] 38#38: exit
2024/11/22 16:07:58 [notice] 40#40: exit
2024/11/22 16:07:58 [notice] 39#39: gracefully shutting down
2024/11/22 16:07:58 [notice] 39#39: exiting
2024/11/22 16:07:58 [notice] 39#39: exit
2024/11/22 16:07:58 [notice] 1#1: signal 17 (SIGCHLD) received from 40
2024/11/22 16:07:58 [notice] 1#1: worker process 29 exited with code 0
2024/11/22 16:07:58 [notice] 1#1: worker process 36 exited with code 0
2024/11/22 16:07:58 [notice] 1#1: worker process 38 exited with code 0
2024/11/22 16:07:58 [notice] 1#1: worker process 40 exited with code 0
2024/11/22 16:07:58 [notice] 1#1: signal 29 (SIGIO) received
2024/11/22 16:07:58 [notice] 1#1: signal 17 (SIGCHLD) received from 32
2024/11/22 16:07:58 [notice] 1#1: worker process 30 exited with code 0
2024/11/22 16:07:58 [notice] 1#1: worker process 31 exited with code 0
2024/11/22 16:07:58 [notice] 1#1: worker process 32 exited with code 0
2024/11/22 16:07:58 [notice] 1#1: worker process 34 exited with code 0
2024/11/22 16:07:58 [notice] 1#1: worker process 37 exited with code 0
2024/11/22 16:07:58 [notice] 1#1: signal 29 (SIGIO) received
2024/11/22 16:07:58 [notice] 1#1: signal 17 (SIGCHLD) received from 35
2024/11/22 16:07:58 [notice] 1#1: worker process 35 exited with code 0
2024/11/22 16:07:58 [notice] 1#1: worker process 39 exited with code 0
2024/11/22 16:07:58 [notice] 1#1: signal 29 (SIGIO) received
2024/11/22 16:07:58 [notice] 1#1: signal 17 (SIGCHLD) received from 33
2024/11/22 16:07:58 [notice] 1#1: worker process 33 exited with code 0
2024/11/22 16:07:58 [notice] 1#1: exit
2024/11/22 16:07:59 [notice] 1#1: using the "epoll" event method
2024/11/22 16:07:59 [notice] 1#1: nginx/1.26.2
2024/11/22 16:07:59 [notice] 1#1: built by gcc 13.2.1 20240309 (Alpine 13.2.1_git20240309) 
2024/11/22 16:07:59 [notice] 1#1: OS: Linux 5.15.153.1-microsoft-standard-WSL2
2024/11/22 16:07:59 [notice] 1#1: getrlimit(RLIMIT_NOFILE): 1048576:1048576
2024/11/22 16:07:59 [notice] 1#1: start worker processes
2024/11/22 16:07:59 [notice] 1#1: start worker process 29
2024/11/22 16:07:59 [notice] 1#1: start worker process 30
2024/11/22 16:07:59 [notice] 1#1: start worker process 31
2024/11/22 16:07:59 [notice] 1#1: start worker process 32
2024/11/22 16:07:59 [notice] 1#1: start worker process 33
2024/11/22 16:07:59 [notice] 1#1: start worker process 34
2024/11/22 16:07:59 [notice] 1#1: start worker process 35
2024/11/22 16:07:59 [notice] 1#1: start worker process 36
2024/11/22 16:07:59 [notice] 1#1: start worker process 37
2024/11/22 16:07:59 [notice] 1#1: start worker process 38
2024/11/22 16:07:59 [notice] 1#1: start worker process 39
2024/11/22 16:07:59 [notice] 1#1: start worker process 40
2024/11/22 16:08:37 [notice] 1#1: signal 3 (SIGQUIT) received, shutting down
2024/11/22 16:08:37 [notice] 30#30: gracefully shutting down
2024/11/22 16:08:37 [notice] 32#32: gracefully shutting down
2024/11/22 16:08:37 [notice] 29#29: gracefully shutting down
2024/11/22 16:08:37 [notice] 34#34: gracefully shutting down
2024/11/22 16:08:37 [notice] 33#33: gracefully shutting down
2024/11/22 16:08:37 [notice] 31#31: gracefully shutting down
2024/11/22 16:08:37 [notice] 35#35: gracefully shutting down
2024/11/22 16:08:37 [notice] 37#37: gracefully shutting down
2024/11/22 16:08:37 [notice] 36#36: gracefully shutting down
2024/11/22 16:08:37 [notice] 39#39: gracefully shutting down
2024/11/22 16:08:37 [notice] 36#36: exiting
2024/11/22 16:08:37 [notice] 38#38: gracefully shutting down
2024/11/22 16:08:37 [notice] 35#35: exiting
2024/11/22 16:08:37 [notice] 33#33: exiting
2024/11/22 16:08:37 [notice] 37#37: exiting
2024/11/22 16:08:37 [notice] 31#31: exiting
2024/11/22 16:08:37 [notice] 29#29: exiting
2024/11/22 16:08:37 [notice] 40#40: gracefully shutting down
2024/11/22 16:08:37 [notice] 39#39: exiting
2024/11/22 16:08:37 [notice] 32#32: exiting
2024/11/22 16:08:37 [notice] 40#40: exiting
2024/11/22 16:08:37 [notice] 33#33: exit
2024/11/22 16:08:37 [notice] 38#38: exiting
2024/11/22 16:08:37 [notice] 29#29: exit
2024/11/22 16:08:37 [notice] 31#31: exit
2024/11/22 16:08:37 [notice] 39#39: exit
2024/11/22 16:08:37 [notice] 36#36: exit
2024/11/22 16:08:37 [notice] 37#37: exit
2024/11/22 16:08:37 [notice] 32#32: exit
2024/11/22 16:08:37 [notice] 35#35: exit
2024/11/22 16:08:37 [notice] 40#40: exit
2024/11/22 16:08:37 [notice] 38#38: exit
2024/11/22 16:08:37 [notice] 34#34: exiting
2024/11/22 16:08:37 [notice] 34#34: exit
2024/11/22 16:08:37 [notice] 1#1: signal 17 (SIGCHLD) received from 32
2024/11/22 16:08:37 [notice] 1#1: worker process 32 exited with code 0
2024/11/22 16:08:37 [notice] 1#1: worker process 34 exited with code 0
2024/11/22 16:08:37 [notice] 1#1: signal 29 (SIGIO) received
2024/11/22 16:08:37 [notice] 1#1: signal 17 (SIGCHLD) received from 33
2024/11/22 16:08:37 [notice] 1#1: worker process 29 exited with code 0
2024/11/22 16:08:37 [notice] 1#1: worker process 33 exited with code 0
2024/11/22 16:08:37 [notice] 1#1: worker process 35 exited with code 0
2024/11/22 16:08:37 [notice] 1#1: worker process 36 exited with code 0
2024/11/22 16:08:37 [notice] 1#1: worker process 38 exited with code 0
2024/11/22 16:08:37 [notice] 1#1: worker process 39 exited with code 0
2024/11/22 16:08:37 [notice] 1#1: worker process 40 exited with code 0
2024/11/22 16:08:37 [notice] 1#1: signal 29 (SIGIO) received
2024/11/22 16:08:37 [notice] 1#1: signal 17 (SIGCHLD) received from 31
2024/11/22 16:08:37 [notice] 1#1: worker process 31 exited with code 0
2024/11/22 16:08:37 [notice] 1#1: worker process 37 exited with code 0
2024/11/22 16:08:37 [notice] 1#1: signal 29 (SIGIO) received
2024/11/22 16:08:37 [notice] 1#1: signal 17 (SIGCHLD) received from 37
2024/11/22 16:09:01 [notice] 1#1: using the "epoll" event method
2024/11/22 16:09:01 [notice] 1#1: nginx/1.26.2
2024/11/22 16:09:01 [notice] 1#1: built by gcc 13.2.1 20240309 (Alpine 13.2.1_git20240309) 
2024/11/22 16:09:01 [notice] 1#1: OS: Linux 5.15.153.1-microsoft-standard-WSL2
2024/11/22 16:09:01 [notice] 1#1: getrlimit(RLIMIT_NOFILE): 1048576:1048576
2024/11/22 16:09:01 [notice] 1#1: start worker processes
2024/11/22 16:09:01 [notice] 1#1: start worker process 29
2024/11/22 16:09:01 [notice] 1#1: start worker process 30
2024/11/22 16:09:01 [notice] 1#1: start worker process 31
2024/11/22 16:09:01 [notice] 1#1: start worker process 32
2024/11/22 16:09:01 [notice] 1#1: start worker process 33
2024/11/22 16:09:01 [notice] 1#1: start worker process 34
2024/11/22 16:09:01 [notice] 1#1: start worker process 35
2024/11/22 16:09:01 [notice] 1#1: start worker process 36
2024/11/22 16:09:01 [notice] 1#1: start worker process 37
2024/11/22 16:09:01 [notice] 1#1: start worker process 38
2024/11/22 16:09:01 [notice] 1#1: start worker process 39
2024/11/22 16:09:01 [notice] 1#1: start worker process 40
2024/11/22 16:10:04 [notice] 1#1: signal 3 (SIGQUIT) received, shutting down
2024/11/22 16:10:04 [notice] 32#32: gracefully shutting down
2024/11/22 16:10:04 [notice] 30#30: gracefully shutting down
2024/11/22 16:10:04 [notice] 29#29: gracefully shutting down
2024/11/22 16:10:04 [notice] 31#31: gracefully shutting down
2024/11/22 16:10:04 [notice] 40#40: gracefully shutting down
2024/11/22 16:10:04 [notice] 33#33: gracefully shutting down
2024/11/22 16:10:04 [notice] 34#34: gracefully shutting down
2024/11/22 16:10:04 [notice] 36#36: gracefully shutting down
2024/11/22 16:10:04 [notice] 35#35: gracefully shutting down
2024/11/22 16:10:04 [notice] 37#37: gracefully shutting down
2024/11/22 16:10:04 [notice] 38#38: gracefully shutting down
2024/11/22 16:10:04 [notice] 32#32: exiting
2024/11/22 16:10:04 [notice] 33#33: exiting
2024/11/22 16:10:04 [notice] 40#40: exiting
2024/11/22 16:10:04 [notice] 38#38: exiting
2024/11/22 16:10:04 [notice] 31#31: exiting
2024/11/22 16:10:04 [notice] 36#36: exiting
2024/11/22 16:10:04 [notice] 34#34: exiting
2024/11/22 16:10:04 [notice] 37#37: exiting
2024/11/22 16:10:04 [notice] 32#32: exit
2024/11/22 16:10:04 [notice] 36#36: exit
2024/11/22 16:10:04 [notice] 38#38: exit
2024/11/22 16:10:04 [notice] 31#31: exit
2024/11/22 16:10:04 [notice] 34#34: exit
2024/11/22 16:10:04 [notice] 33#33: exit
2024/11/22 16:10:04 [notice] 40#40: exit
2024/11/22 16:10:04 [notice] 37#37: exit
2024/11/22 16:10:04 [notice] 35#35: exiting
2024/11/22 16:10:04 [notice] 35#35: exit
2024/11/22 16:10:04 [notice] 39#39: gracefully shutting down
2024/11/22 16:10:04 [notice] 29#29: exiting
2024/11/22 16:10:04 [notice] 39#39: exiting
2024/11/22 16:10:04 [notice] 29#29: exit
2024/11/22 16:10:04 [notice] 39#39: exit
2024/11/22 16:10:04 [notice] 1#1: signal 17 (SIGCHLD) received from 40
2024/11/22 16:10:04 [notice] 1#1: worker process 32 exited with code 0
2024/11/22 16:10:04 [notice] 1#1: worker process 34 exited with code 0
2024/11/22 16:10:04 [notice] 1#1: worker process 37 exited with code 0
2024/11/22 16:10:04 [notice] 1#1: worker process 40 exited with code 0
2024/11/22 16:10:04 [notice] 1#1: signal 29 (SIGIO) received
2024/11/22 16:10:04 [notice] 1#1: signal 17 (SIGCHLD) received from 35
2024/11/22 16:10:04 [notice] 1#1: worker process 31 exited with code 0
2024/11/22 16:10:04 [notice] 1#1: worker process 33 exited with code 0
2024/11/22 16:10:04 [notice] 1#1: worker process 35 exited with code 0
2024/11/22 16:10:04 [notice] 1#1: worker process 36 exited with code 0
2024/11/22 16:10:04 [notice] 1#1: worker process 29 exited with code 0
2024/11/22 16:10:04 [notice] 1#1: worker process 38 exited with code 0
2024/11/22 16:10:04 [notice] 1#1: worker process 39 exited with code 0
2024/11/22 16:10:04 [notice] 1#1: signal 29 (SIGIO) received
2024/11/22 16:10:04 [notice] 1#1: signal 17 (SIGCHLD) received from 36
2024/11/22 16:10:10 [notice] 30#30: exiting
2024/11/22 16:10:10 [notice] 30#30: exit
2024/11/22 16:10:11 [notice] 1#1: signal 17 (SIGCHLD) received from 30
2024/11/22 16:10:11 [notice] 1#1: worker process 30 exited with code 0
2024/11/22 16:10:11 [notice] 1#1: exit
2024/11/22 16:10:48 [notice] 1#1: using the "epoll" event method
2024/11/22 16:10:48 [notice] 1#1: nginx/1.26.2
2024/11/22 16:10:48 [notice] 1#1: built by gcc 13.2.1 20240309 (Alpine 13.2.1_git20240309) 
2024/11/22 16:10:48 [notice] 1#1: OS: Linux 5.15.153.1-microsoft-standard-WSL2
2024/11/22 16:10:48 [notice] 1#1: getrlimit(RLIMIT_NOFILE): 1048576:1048576
2024/11/22 16:10:48 [notice] 1#1: start worker processes
2024/11/22 16:10:48 [notice] 1#1: start worker process 29
2024/11/22 16:10:48 [notice] 1#1: start worker process 30
2024/11/22 16:10:48 [notice] 1#1: start worker process 31
2024/11/22 16:10:48 [notice] 1#1: start worker process 32
2024/11/22 16:10:48 [notice] 1#1: start worker process 33
2024/11/22 16:10:48 [notice] 1#1: start worker process 34
2024/11/22 16:10:48 [notice] 1#1: start worker process 35
2024/11/22 16:10:48 [notice] 1#1: start worker process 36
2024/11/22 16:10:48 [notice] 1#1: start worker process 37
2024/11/22 16:10:48 [notice] 1#1: start worker process 38
2024/11/22 16:10:48 [notice] 1#1: start worker process 39
2024/11/22 16:10:48 [notice] 1#1: start worker process 40
2024/11/22 16:12:41 [notice] 1#1: signal 3 (SIGQUIT) received, shutting down
2024/11/22 16:12:41 [notice] 30#30: gracefully shutting down
2024/11/22 16:12:41 [notice] 29#29: gracefully shutting down
2024/11/22 16:12:41 [notice] 32#32: gracefully shutting down
2024/11/22 16:12:41 [notice] 33#33: gracefully shutting down
2024/11/22 16:12:41 [notice] 31#31: gracefully shutting down
2024/11/22 16:12:41 [notice] 34#34: gracefully shutting down
2024/11/22 16:12:41 [notice] 35#35: gracefully shutting down
2024/11/22 16:12:41 [notice] 36#36: gracefully shutting down
2024/11/22 16:12:41 [notice] 29#29: exiting
2024/11/22 16:12:41 [notice] 30#30: exiting
2024/11/22 16:12:41 [notice] 37#37: gracefully shutting down
2024/11/22 16:12:41 [notice] 40#40: gracefully shutting down
2024/11/22 16:12:41 [notice] 39#39: gracefully shutting down
2024/11/22 16:12:41 [notice] 32#32: exiting
2024/11/22 16:12:41 [notice] 34#34: exiting
2024/11/22 16:12:41 [notice] 31#31: exiting
2024/11/22 16:12:41 [notice] 33#33: exiting
2024/11/22 16:12:41 [notice] 35#35: exiting
2024/11/22 16:12:41 [notice] 36#36: exiting
2024/11/22 16:12:41 [notice] 37#37: exiting
2024/11/22 16:12:41 [notice] 32#32: exit
2024/11/22 16:12:41 [notice] 39#39: exiting
2024/11/22 16:12:41 [notice] 30#30: exit
2024/11/22 16:12:41 [notice] 29#29: exit
2024/11/22 16:12:41 [notice] 33#33: exit
2024/11/22 16:12:41 [notice] 40#40: exiting
2024/11/22 16:12:41 [notice] 31#31: exit
2024/11/22 16:12:41 [notice] 34#34: exit
2024/11/22 16:12:41 [notice] 35#35: exit
2024/11/22 16:12:41 [notice] 36#36: exit
2024/11/22 16:12:41 [notice] 37#37: exit
2024/11/22 16:12:41 [notice] 39#39: exit
2024/11/22 16:12:41 [notice] 40#40: exit
2024/11/22 16:12:41 [notice] 38#38: gracefully shutting down
2024/11/22 16:12:41 [notice] 38#38: exiting
2024/11/22 16:12:41 [notice] 38#38: exit
2024/11/22 16:12:41 [notice] 1#1: signal 17 (SIGCHLD) received from 32
2024/11/22 16:12:41 [notice] 1#1: worker process 29 exited with code 0
2024/11/22 16:12:41 [notice] 1#1: worker process 32 exited with code 0
2024/11/22 16:12:41 [notice] 1#1: worker process 33 exited with code 0
2024/11/22 16:12:41 [notice] 1#1: worker process 36 exited with code 0
2024/11/22 16:12:41 [notice] 1#1: signal 29 (SIGIO) received
2024/11/22 16:12:41 [notice] 1#1: signal 17 (SIGCHLD) received from 35
2024/11/22 16:12:41 [notice] 1#1: worker process 35 exited with code 0
2024/11/22 16:12:41 [notice] 1#1: signal 29 (SIGIO) received
2024/11/22 16:12:41 [notice] 1#1: signal 17 (SIGCHLD) received from 40
2024/11/22 16:12:41 [notice] 1#1: worker process 40 exited with code 0
2024/11/22 16:12:41 [notice] 1#1: signal 29 (SIGIO) received
2024/11/22 16:12:41 [notice] 1#1: signal 17 (SIGCHLD) received from 30
2024/11/22 16:12:41 [notice] 1#1: worker process 30 exited with code 0
2024/11/22 16:12:41 [notice] 1#1: worker process 39 exited with code 0
2024/11/22 16:12:41 [notice] 1#1: signal 29 (SIGIO) received
2024/11/22 16:12:41 [notice] 1#1: signal 17 (SIGCHLD) received from 34
2024/11/22 16:12:41 [notice] 1#1: worker process 34 exited with code 0
2024/11/22 16:12:41 [notice] 1#1: worker process 38 exited with code 0
2024/11/22 16:12:41 [notice] 1#1: signal 29 (SIGIO) received
2024/11/22 16:12:41 [notice] 1#1: signal 17 (SIGCHLD) received from 31
2024/11/22 16:12:41 [notice] 1#1: worker process 31 exited with code 0
2024/11/22 16:12:41 [notice] 1#1: worker process 37 exited with code 0
2024/11/22 16:12:41 [notice] 1#1: exit
2024/11/22 16:12:42 [notice] 1#1: using the "epoll" event method
2024/11/22 16:12:42 [notice] 1#1: nginx/1.26.2
2024/11/22 16:12:42 [notice] 1#1: built by gcc 13.2.1 20240309 (Alpine 13.2.1_git20240309) 
2024/11/22 16:12:42 [notice] 1#1: OS: Linux 5.15.153.1-microsoft-standard-WSL2
2024/11/22 16:12:42 [notice] 1#1: getrlimit(RLIMIT_NOFILE): 1048576:1048576
2024/11/22 16:12:42 [notice] 1#1: start worker processes
2024/11/22 16:12:42 [notice] 1#1: start worker process 29
2024/11/22 16:12:42 [notice] 1#1: start worker process 30
2024/11/22 16:12:42 [notice] 1#1: start worker process 31
2024/11/22 16:12:42 [notice] 1#1: start worker process 32
2024/11/22 16:12:42 [notice] 1#1: start worker process 33
2024/11/22 16:12:42 [notice] 1#1: start worker process 34
2024/11/22 16:12:42 [notice] 1#1: start worker process 35
2024/11/22 16:12:42 [notice] 1#1: start worker process 36
2024/11/22 16:12:42 [notice] 1#1: start worker process 37
2024/11/22 16:12:42 [notice] 1#1: start worker process 38
2024/11/22 16:12:42 [notice] 1#1: start worker process 39
2024/11/22 16:12:42 [notice] 1#1: start worker process 40
2024/11/22 16:13:02 [notice] 1#1: signal 3 (SIGQUIT) received, shutting down
2024/11/22 16:13:02 [notice] 29#29: gracefully shutting down
2024/11/22 16:13:02 [notice] 30#30: gracefully shutting down
2024/11/22 16:13:02 [notice] 29#29: exiting
2024/11/22 16:13:02 [notice] 30#30: exiting
2024/11/22 16:13:02 [notice] 31#31: gracefully shutting down
2024/11/22 16:13:02 [notice] 33#33: gracefully shutting down
2024/11/22 16:13:02 [notice] 32#32: gracefully shutting down
2024/11/22 16:13:02 [notice] 34#34: gracefully shutting down
2024/11/22 16:13:02 [notice] 31#31: exiting
2024/11/22 16:13:02 [notice] 33#33: exiting
2024/11/22 16:13:02 [notice] 35#35: gracefully shutting down
2024/11/22 16:13:02 [notice] 32#32: exiting
2024/11/22 16:13:02 [notice] 36#36: gracefully shutting down
2024/11/22 16:13:02 [notice] 34#34: exiting
2024/11/22 16:13:02 [notice] 35#35: exiting
2024/11/22 16:13:02 [notice] 36#36: exiting
2024/11/22 16:13:02 [notice] 37#37: gracefully shutting down
2024/11/22 16:13:02 [notice] 38#38: gracefully shutting down
2024/11/22 16:13:02 [notice] 39#39: gracefully shutting down
2024/11/22 16:13:02 [notice] 37#37: exiting
2024/11/22 16:13:02 [notice] 29#29: exit
2024/11/22 16:13:02 [notice] 30#30: exit
2024/11/22 16:13:02 [notice] 38#38: exiting
2024/11/22 16:13:02 [notice] 39#39: exiting
2024/11/22 16:13:02 [notice] 31#31: exit
2024/11/22 16:13:02 [notice] 33#33: exit
2024/11/22 16:13:02 [notice] 34#34: exit
2024/11/22 16:13:02 [notice] 32#32: exit
2024/11/22 16:13:02 [notice] 35#35: exit
2024/11/22 16:13:02 [notice] 36#36: exit
2024/11/22 16:13:02 [notice] 37#37: exit
2024/11/22 16:13:02 [notice] 38#38: exit
2024/11/22 16:13:02 [notice] 39#39: exit
2024/11/22 16:13:02 [notice] 40#40: gracefully shutting down
2024/11/22 16:13:02 [notice] 40#40: exiting
2024/11/22 16:13:02 [notice] 40#40: exit
2024/11/22 16:13:02 [notice] 1#1: signal 17 (SIGCHLD) received from 31
2024/11/22 16:13:02 [notice] 1#1: worker process 31 exited with code 0
2024/11/22 16:13:02 [notice] 1#1: worker process 37 exited with code 0
2024/11/22 16:13:02 [notice] 1#1: worker process 40 exited with code 0
2024/11/22 16:13:02 [notice] 1#1: signal 29 (SIGIO) received
2024/11/22 16:13:02 [notice] 1#1: signal 17 (SIGCHLD) received from 36
2024/11/22 16:13:02 [notice] 1#1: worker process 30 exited with code 0
2024/11/22 16:13:02 [notice] 1#1: worker process 34 exited with code 0
2024/11/22 16:13:02 [notice] 1#1: worker process 35 exited with code 0
2024/11/22 16:13:02 [notice] 1#1: worker process 36 exited with code 0
2024/11/22 16:13:02 [notice] 1#1: worker process 38 exited with code 0
2024/11/22 16:13:02 [notice] 1#1: worker process 39 exited with code 0
2024/11/22 16:13:02 [notice] 1#1: signal 29 (SIGIO) received
2024/11/22 16:13:02 [notice] 1#1: signal 17 (SIGCHLD) received from 29
2024/11/22 16:13:02 [notice] 1#1: worker process 29 exited with code 0
2024/11/22 16:13:02 [notice] 1#1: signal 29 (SIGIO) received
2024/11/22 16:13:02 [notice] 1#1: signal 17 (SIGCHLD) received from 33
2024/11/22 16:13:02 [notice] 1#1: worker process 32 exited with code 0
2024/11/22 16:13:02 [notice] 1#1: worker process 33 exited with code 0
2024/11/22 16:13:02 [notice] 1#1: exit
2024/11/22 16:13:03 [notice] 1#1: using the "epoll" event method
2024/11/22 16:13:03 [notice] 1#1: nginx/1.26.2
2024/11/22 16:13:03 [notice] 1#1: built by gcc 13.2.1 20240309 (Alpine 13.2.1_git20240309) 
2024/11/22 16:13:03 [notice] 1#1: OS: Linux 5.15.153.1-microsoft-standard-WSL2
2024/11/22 16:13:03 [notice] 1#1: getrlimit(RLIMIT_NOFILE): 1048576:1048576
2024/11/22 16:13:03 [notice] 1#1: start worker processes
2024/11/22 16:13:03 [notice] 1#1: start worker process 29
2024/11/22 16:13:03 [notice] 1#1: start worker process 30
2024/11/22 16:13:03 [notice] 1#1: start worker process 31
2024/11/22 16:13:03 [notice] 1#1: start worker process 32
2024/11/22 16:13:03 [notice] 1#1: start worker process 33
2024/11/22 16:13:03 [notice] 1#1: start worker process 34
2024/11/22 16:13:03 [notice] 1#1: start worker process 35
2024/11/22 16:13:03 [notice] 1#1: start worker process 36
2024/11/22 16:13:03 [notice] 1#1: start worker process 37
2024/11/22 16:13:03 [notice] 1#1: start worker process 38
2024/11/22 16:13:03 [notice] 1#1: start worker process 39
2024/11/22 16:13:03 [notice] 1#1: start worker process 40
2024/11/22 16:13:55 [notice] 1#1: signal 3 (SIGQUIT) received, shutting down
2024/11/22 16:13:55 [notice] 29#29: gracefully shutting down
2024/11/22 16:13:55 [notice] 31#31: gracefully shutting down
2024/11/22 16:13:55 [notice] 32#32: gracefully shutting down
2024/11/22 16:13:55 [notice] 33#33: gracefully shutting down
2024/11/22 16:13:55 [notice] 30#30: gracefully shutting down
2024/11/22 16:13:55 [notice] 34#34: gracefully shutting down
2024/11/22 16:13:55 [notice] 31#31: exiting
2024/11/22 16:13:55 [notice] 37#37: gracefully shutting down
2024/11/22 16:13:55 [notice] 32#32: exiting
2024/11/22 16:13:55 [notice] 35#35: gracefully shutting down
2024/11/22 16:13:55 [notice] 33#33: exiting
2024/11/22 16:13:55 [notice] 36#36: gracefully shutting down
2024/11/22 16:13:55 [notice] 40#40: gracefully shutting down
2024/11/22 16:13:55 [notice] 34#34: exiting
2024/11/22 16:13:55 [notice] 29#29: exiting
2024/11/22 16:13:55 [notice] 40#40: exiting
2024/11/22 16:13:55 [notice] 35#35: exiting
2024/11/22 16:13:55 [notice] 39#39: gracefully shutting down
2024/11/22 16:13:55 [notice] 36#36: exiting
2024/11/22 16:13:55 [notice] 37#37: exiting
2024/11/22 16:13:55 [notice] 39#39: exiting
2024/11/22 16:13:55 [notice] 32#32: exit
2024/11/22 16:13:55 [notice] 33#33: exit
2024/11/22 16:13:55 [notice] 34#34: exit
2024/11/22 16:13:55 [notice] 31#31: exit
2024/11/22 16:13:55 [notice] 36#36: exit
2024/11/22 16:13:55 [notice] 40#40: exit
2024/11/22 16:13:55 [notice] 29#29: exit
2024/11/22 16:13:55 [notice] 35#35: exit
2024/11/22 16:13:55 [notice] 37#37: exit
2024/11/22 16:13:55 [notice] 38#38: gracefully shutting down
2024/11/22 16:13:55 [notice] 39#39: exit
2024/11/22 16:13:55 [notice] 38#38: exiting
2024/11/22 16:13:55 [notice] 38#38: exit
2024/11/22 16:13:55 [notice] 1#1: signal 17 (SIGCHLD) received from 39
2024/11/22 16:13:55 [notice] 1#1: worker process 37 exited with code 0
2024/11/22 16:13:55 [notice] 1#1: worker process 39 exited with code 0
2024/11/22 16:13:55 [notice] 1#1: worker process 40 exited with code 0
2024/11/22 16:13:55 [notice] 1#1: signal 29 (SIGIO) received
2024/11/22 16:13:55 [notice] 1#1: signal 17 (SIGCHLD) received from 32
2024/11/22 16:13:55 [notice] 1#1: worker process 29 exited with code 0
2024/11/22 16:13:55 [notice] 1#1: worker process 31 exited with code 0
2024/11/22 16:13:55 [notice] 1#1: worker process 32 exited with code 0
2024/11/22 16:13:55 [notice] 1#1: worker process 33 exited with code 0
2024/11/22 16:13:55 [notice] 1#1: signal 29 (SIGIO) received
2024/11/22 16:13:55 [notice] 1#1: signal 17 (SIGCHLD) received from 35
2024/11/22 16:13:55 [notice] 1#1: worker process 35 exited with code 0
2024/11/22 16:13:55 [notice] 1#1: signal 29 (SIGIO) received
2024/11/22 16:13:55 [notice] 1#1: signal 17 (SIGCHLD) received from 38
2024/11/22 16:13:55 [notice] 1#1: worker process 38 exited with code 0
2024/11/22 16:13:55 [notice] 1#1: signal 29 (SIGIO) received
2024/11/22 16:13:55 [notice] 1#1: signal 17 (SIGCHLD) received from 34
2024/11/22 16:13:55 [notice] 1#1: worker process 34 exited with code 0
2024/11/22 16:13:55 [notice] 1#1: signal 29 (SIGIO) received
2024/11/22 16:13:55 [notice] 1#1: signal 17 (SIGCHLD) received from 36
2024/11/22 16:13:55 [notice] 1#1: worker process 36 exited with code 0
2024/11/22 16:13:55 [notice] 1#1: signal 29 (SIGIO) received
2024/11/22 16:14:37 [notice] 1#1: using the "epoll" event method
2024/11/22 16:14:37 [notice] 1#1: nginx/1.26.2
2024/11/22 16:14:37 [notice] 1#1: built by gcc 13.2.1 20240309 (Alpine 13.2.1_git20240309) 
2024/11/22 16:14:37 [notice] 1#1: OS: Linux 5.15.153.1-microsoft-standard-WSL2
2024/11/22 16:14:37 [notice] 1#1: getrlimit(RLIMIT_NOFILE): 1048576:1048576
2024/11/22 16:14:37 [notice] 1#1: start worker processes
2024/11/22 16:14:37 [notice] 1#1: start worker process 29
2024/11/22 16:14:37 [notice] 1#1: start worker process 30
2024/11/22 16:14:37 [notice] 1#1: start worker process 31
2024/11/22 16:14:37 [notice] 1#1: start worker process 32
2024/11/22 16:14:37 [notice] 1#1: start worker process 33
2024/11/22 16:14:37 [notice] 1#1: start worker process 34
2024/11/22 16:14:37 [notice] 1#1: start worker process 35
2024/11/22 16:14:37 [notice] 1#1: start worker process 36
2024/11/22 16:14:37 [notice] 1#1: start worker process 37
2024/11/22 16:14:37 [notice] 1#1: start worker process 38
2024/11/22 16:14:37 [notice] 1#1: start worker process 39
2024/11/22 16:14:37 [notice] 1#1: start worker process 40
2024/11/22 16:15:38 [notice] 1#1: signal 3 (SIGQUIT) received, shutting down
2024/11/22 16:15:38 [notice] 30#30: gracefully shutting down
2024/11/22 16:15:38 [notice] 31#31: gracefully shutting down
2024/11/22 16:15:38 [notice] 33#33: gracefully shutting down
2024/11/22 16:15:38 [notice] 29#29: gracefully shutting down
2024/11/22 16:15:38 [notice] 32#32: gracefully shutting down
2024/11/22 16:15:38 [notice] 35#35: gracefully shutting down
2024/11/22 16:15:38 [notice] 38#38: gracefully shutting down
2024/11/22 16:15:38 [notice] 33#33: exiting
2024/11/22 16:15:38 [notice] 39#39: gracefully shutting down
2024/11/22 16:15:38 [notice] 37#37: gracefully shutting down
2024/11/22 16:15:38 [notice] 34#34: gracefully shutting down
2024/11/22 16:15:38 [notice] 35#35: exiting
2024/11/22 16:15:38 [notice] 38#38: exiting
2024/11/22 16:15:38 [notice] 29#29: exiting
2024/11/22 16:15:38 [notice] 34#34: exiting
2024/11/22 16:15:38 [notice] 32#32: exiting
2024/11/22 16:15:38 [notice] 39#39: exiting
2024/11/22 16:15:38 [notice] 31#31: exiting
2024/11/22 16:15:38 [notice] 33#33: exit
2024/11/22 16:15:38 [notice] 37#37: exiting
2024/11/22 16:15:38 [notice] 36#36: gracefully shutting down
2024/11/22 16:15:38 [notice] 35#35: exit
2024/11/22 16:15:38 [notice] 38#38: exit
2024/11/22 16:15:38 [notice] 29#29: exit
2024/11/22 16:15:38 [notice] 36#36: exiting
2024/11/22 16:15:38 [notice] 34#34: exit
2024/11/22 16:15:38 [notice] 39#39: exit
2024/11/22 16:15:38 [notice] 37#37: exit
2024/11/22 16:15:38 [notice] 32#32: exit
2024/11/22 16:15:38 [notice] 31#31: exit
2024/11/22 16:15:38 [notice] 36#36: exit
2024/11/22 16:15:38 [notice] 40#40: gracefully shutting down
2024/11/22 16:15:38 [notice] 40#40: exiting
2024/11/22 16:15:38 [notice] 40#40: exit
2024/11/22 16:15:38 [notice] 1#1: signal 17 (SIGCHLD) received from 39
2024/11/22 16:15:38 [notice] 1#1: worker process 29 exited with code 0
2024/11/22 16:15:38 [notice] 1#1: worker process 31 exited with code 0
2024/11/22 16:15:38 [notice] 1#1: worker process 33 exited with code 0
2024/11/22 16:15:38 [notice] 1#1: worker process 34 exited with code 0
2024/11/22 16:15:38 [notice] 1#1: worker process 35 exited with code 0
2024/11/22 16:15:38 [notice] 1#1: worker process 36 exited with code 0
2024/11/22 16:15:38 [notice] 1#1: worker process 37 exited with code 0
2024/11/22 16:15:38 [notice] 1#1: worker process 38 exited with code 0
2024/11/22 16:15:38 [notice] 1#1: worker process 39 exited with code 0
2024/11/22 16:15:38 [notice] 1#1: signal 29 (SIGIO) received
2024/11/22 16:15:38 [notice] 1#1: signal 17 (SIGCHLD) received from 40
2024/11/22 16:15:38 [notice] 1#1: worker process 40 exited with code 0
2024/11/22 16:15:38 [notice] 1#1: signal 29 (SIGIO) received
2024/11/22 16:15:38 [notice] 1#1: signal 17 (SIGCHLD) received from 32
2024/11/22 16:15:38 [notice] 1#1: worker process 32 exited with code 0
2024/11/22 16:15:38 [notice] 1#1: signal 29 (SIGIO) received
2024/11/22 16:15:42 [notice] 30#30: exiting
2024/11/22 16:15:42 [notice] 30#30: exit
2024/11/22 16:15:42 [notice] 1#1: signal 17 (SIGCHLD) received from 30
2024/11/22 16:15:42 [notice] 1#1: worker process 30 exited with code 0
2024/11/22 16:15:42 [notice] 1#1: exit
2024/11/22 16:16:18 [notice] 1#1: using the "epoll" event method
2024/11/22 16:16:18 [notice] 1#1: nginx/1.26.2
2024/11/22 16:16:18 [notice] 1#1: built by gcc 13.2.1 20240309 (Alpine 13.2.1_git20240309) 
2024/11/22 16:16:18 [notice] 1#1: OS: Linux 5.15.153.1-microsoft-standard-WSL2
2024/11/22 16:16:18 [notice] 1#1: getrlimit(RLIMIT_NOFILE): 1048576:1048576
2024/11/22 16:16:18 [notice] 1#1: start worker processes
2024/11/22 16:16:18 [notice] 1#1: start worker process 29
2024/11/22 16:16:18 [notice] 1#1: start worker process 30
2024/11/22 16:16:18 [notice] 1#1: start worker process 31
2024/11/22 16:16:18 [notice] 1#1: start worker process 32
2024/11/22 16:16:18 [notice] 1#1: start worker process 33
2024/11/22 16:16:18 [notice] 1#1: start worker process 34
2024/11/22 16:16:18 [notice] 1#1: start worker process 35
2024/11/22 16:16:18 [notice] 1#1: start worker process 36
2024/11/22 16:16:18 [notice] 1#1: start worker process 37
2024/11/22 16:16:18 [notice] 1#1: start worker process 38
2024/11/22 16:16:18 [notice] 1#1: start worker process 39
2024/11/22 16:16:18 [notice] 1#1: start worker process 40
2024/11/22 16:28:30 [notice] 1#1: signal 3 (SIGQUIT) received, shutting down
2024/11/22 16:28:30 [notice] 29#29: gracefully shutting down
2024/11/22 16:28:30 [notice] 31#31: gracefully shutting down
2024/11/22 16:28:30 [notice] 30#30: gracefully shutting down
2024/11/22 16:28:30 [notice] 34#34: gracefully shutting down
2024/11/22 16:28:30 [notice] 32#32: gracefully shutting down
2024/11/22 16:28:30 [notice] 33#33: gracefully shutting down
2024/11/22 16:28:30 [notice] 36#36: gracefully shutting down
2024/11/22 16:28:30 [notice] 35#35: gracefully shutting down
2024/11/22 16:28:30 [notice] 37#37: gracefully shutting down
2024/11/22 16:28:30 [notice] 40#40: gracefully shutting down
2024/11/22 16:28:30 [notice] 38#38: gracefully shutting down
2024/11/22 16:28:30 [notice] 30#30: exiting
2024/11/22 16:28:30 [notice] 29#29: exiting
2024/11/22 16:28:30 [notice] 36#36: exiting
2024/11/22 16:28:30 [notice] 31#31: exiting
2024/11/22 16:28:30 [notice] 34#34: exiting
2024/11/22 16:28:30 [notice] 33#33: exiting
2024/11/22 16:28:30 [notice] 35#35: exiting
2024/11/22 16:28:30 [notice] 32#32: exiting
2024/11/22 16:28:30 [notice] 38#38: exiting
2024/11/22 16:28:30 [notice] 37#37: exiting
2024/11/22 16:28:30 [notice] 40#40: exiting
2024/11/22 16:28:30 [notice] 35#35: exit
2024/11/22 16:28:30 [notice] 33#33: exit
2024/11/22 16:28:30 [notice] 30#30: exit
2024/11/22 16:28:30 [notice] 38#38: exit
2024/11/22 16:28:30 [notice] 31#31: exit
2024/11/22 16:28:30 [notice] 29#29: exit
2024/11/22 16:28:30 [notice] 34#34: exit
2024/11/22 16:28:30 [notice] 36#36: exit
2024/11/22 16:28:30 [notice] 32#32: exit
2024/11/22 16:28:30 [notice] 40#40: exit
2024/11/22 16:28:30 [notice] 37#37: exit
2024/11/22 16:28:30 [notice] 39#39: gracefully shutting down
2024/11/22 16:28:30 [notice] 39#39: exiting
2024/11/22 16:28:30 [notice] 39#39: exit
2024/11/22 16:28:30 [notice] 1#1: signal 17 (SIGCHLD) received from 29
2024/11/22 16:28:30 [notice] 1#1: worker process 29 exited with code 0
2024/11/22 16:28:30 [notice] 1#1: worker process 36 exited with code 0
2024/11/22 16:28:30 [notice] 1#1: worker process 39 exited with code 0
2024/11/22 16:28:30 [notice] 1#1: signal 29 (SIGIO) received
2024/11/22 16:28:30 [notice] 1#1: signal 17 (SIGCHLD) received from 39
2024/11/22 16:28:30 [notice] 1#1: worker process 33 exited with code 0
2024/11/22 16:28:30 [notice] 1#1: signal 29 (SIGIO) received
2024/11/22 16:28:30 [notice] 1#1: signal 17 (SIGCHLD) received from 40
2024/11/22 16:28:30 [notice] 1#1: worker process 31 exited with code 0
2024/11/22 16:28:30 [notice] 1#1: worker process 32 exited with code 0
2024/11/22 16:28:30 [notice] 1#1: worker process 37 exited with code 0
2024/11/22 16:28:30 [notice] 1#1: worker process 38 exited with code 0
2024/11/22 16:28:30 [notice] 1#1: worker process 40 exited with code 0
2024/11/22 16:28:30 [notice] 1#1: signal 29 (SIGIO) received
2024/11/22 16:28:30 [notice] 1#1: signal 17 (SIGCHLD) received from 31
2024/11/22 16:28:30 [notice] 1#1: worker process 30 exited with code 0
2024/11/22 16:28:30 [notice] 1#1: signal 29 (SIGIO) received
2024/11/22 16:28:30 [notice] 1#1: signal 17 (SIGCHLD) received from 35
2024/11/22 16:28:30 [notice] 1#1: worker process 35 exited with code 0
2024/11/22 16:28:30 [notice] 1#1: signal 29 (SIGIO) received
2024/11/22 16:28:30 [notice] 1#1: signal 17 (SIGCHLD) received from 34
2024/11/22 16:28:30 [notice] 1#1: worker process 34 exited with code 0
2024/11/22 16:28:30 [notice] 1#1: exit
2024/11/22 16:29:32 [notice] 1#1: using the "epoll" event method
2024/11/22 16:29:32 [notice] 1#1: nginx/1.26.2
2024/11/22 16:29:32 [notice] 1#1: built by gcc 13.2.1 20240309 (Alpine 13.2.1_git20240309) 
2024/11/22 16:29:32 [notice] 1#1: OS: Linux 5.15.153.1-microsoft-standard-WSL2
2024/11/22 16:29:32 [notice] 1#1: getrlimit(RLIMIT_NOFILE): 1048576:1048576
2024/11/22 16:29:32 [notice] 1#1: start worker processes
2024/11/22 16:29:32 [notice] 1#1: start worker process 29
2024/11/22 16:29:32 [notice] 1#1: start worker process 30
2024/11/22 16:29:32 [notice] 1#1: start worker process 31
2024/11/22 16:29:32 [notice] 1#1: start worker process 32
2024/11/22 16:29:32 [notice] 1#1: start worker process 33
2024/11/22 16:29:32 [notice] 1#1: start worker process 34
2024/11/22 16:29:32 [notice] 1#1: start worker process 35
2024/11/22 16:29:32 [notice] 1#1: start worker process 36
2024/11/22 16:29:32 [notice] 1#1: start worker process 37
2024/11/22 16:29:32 [notice] 1#1: start worker process 38
2024/11/22 16:29:32 [notice] 1#1: start worker process 39
2024/11/22 16:29:32 [notice] 1#1: start worker process 40
2024/11/22 16:59:55 [notice] 1#1: signal 3 (SIGQUIT) received, shutting down
2024/11/22 16:59:55 [notice] 30#30: gracefully shutting down
2024/11/22 16:59:55 [notice] 29#29: gracefully shutting down
2024/11/22 16:59:55 [notice] 33#33: gracefully shutting down
2024/11/22 16:59:55 [notice] 32#32: gracefully shutting down
2024/11/22 16:59:55 [notice] 31#31: gracefully shutting down
2024/11/22 16:59:55 [notice] 34#34: gracefully shutting down
2024/11/22 16:59:55 [notice] 36#36: gracefully shutting down
2024/11/22 16:59:55 [notice] 35#35: gracefully shutting down
2024/11/22 16:59:55 [notice] 37#37: gracefully shutting down
2024/11/22 16:59:55 [notice] 32#32: exiting
2024/11/22 16:59:55 [notice] 39#39: gracefully shutting down
2024/11/22 16:59:55 [notice] 38#38: gracefully shutting down
2024/11/22 16:59:55 [notice] 37#37: exiting
2024/11/22 16:59:55 [notice] 35#35: exiting
2024/11/22 16:59:55 [notice] 36#36: exiting
2024/11/22 16:59:55 [notice] 29#29: exiting
2024/11/22 16:59:55 [notice] 34#34: exiting
2024/11/22 16:59:55 [notice] 33#33: exiting
2024/11/22 16:59:55 [notice] 30#30: exiting
2024/11/22 16:59:55 [notice] 39#39: exiting
2024/11/22 16:59:55 [notice] 31#31: exiting
2024/11/22 16:59:55 [notice] 38#38: exiting
2024/11/22 16:59:55 [notice] 37#37: exit
2024/11/22 16:59:55 [notice] 33#33: exit
2024/11/22 16:59:55 [notice] 36#36: exit
2024/11/22 16:59:55 [notice] 35#35: exit
2024/11/22 16:59:55 [notice] 34#34: exit
2024/11/22 16:59:55 [notice] 32#32: exit
2024/11/22 16:59:55 [notice] 39#39: exit
2024/11/22 16:59:55 [notice] 29#29: exit
2024/11/22 16:59:55 [notice] 30#30: exit
2024/11/22 16:59:55 [notice] 31#31: exit
2024/11/22 16:59:55 [notice] 38#38: exit
2024/11/22 16:59:55 [notice] 40#40: gracefully shutting down
2024/11/22 16:59:55 [notice] 40#40: exiting
2024/11/22 16:59:55 [notice] 40#40: exit
2024/11/22 16:59:55 [notice] 1#1: signal 17 (SIGCHLD) received from 35
2024/11/22 16:59:55 [notice] 1#1: worker process 29 exited with code 0
2024/11/22 16:59:55 [notice] 1#1: worker process 30 exited with code 0
2024/11/22 16:59:55 [notice] 1#1: worker process 33 exited with code 0
2024/11/22 16:59:55 [notice] 1#1: worker process 34 exited with code 0
2024/11/22 16:59:55 [notice] 1#1: worker process 35 exited with code 0
2024/11/22 16:59:55 [notice] 1#1: worker process 36 exited with code 0
2024/11/22 16:59:55 [notice] 1#1: worker process 37 exited with code 0
2024/11/22 16:59:55 [notice] 1#1: worker process 38 exited with code 0
2024/11/22 16:59:55 [notice] 1#1: worker process 39 exited with code 0
2024/11/22 16:59:55 [notice] 1#1: signal 29 (SIGIO) received
2024/11/22 16:59:55 [notice] 1#1: signal 17 (SIGCHLD) received from 29
2024/11/22 16:59:55 [notice] 1#1: signal 17 (SIGCHLD) received from 40
2024/11/22 16:59:55 [notice] 1#1: worker process 40 exited with code 0
2024/11/22 16:59:55 [notice] 1#1: signal 29 (SIGIO) received
2024/11/22 16:59:55 [notice] 1#1: signal 17 (SIGCHLD) received from 31
2024/11/22 16:59:55 [notice] 1#1: worker process 31 exited with code 0
2024/11/22 16:59:55 [notice] 1#1: signal 29 (SIGIO) received
2024/11/22 16:59:55 [notice] 1#1: signal 17 (SIGCHLD) received from 32
2024/11/22 16:59:55 [notice] 1#1: worker process 32 exited with code 0
2024/11/22 16:59:55 [notice] 1#1: exit
2024/11/25 08:51:19 [notice] 1#1: using the "epoll" event method
2024/11/25 08:51:19 [notice] 1#1: nginx/1.26.2
2024/11/25 08:51:19 [notice] 1#1: built by gcc 13.2.1 20240309 (Alpine 13.2.1_git20240309) 
2024/11/25 08:51:19 [notice] 1#1: OS: Linux 5.15.153.1-microsoft-standard-WSL2
2024/11/25 08:51:19 [notice] 1#1: getrlimit(RLIMIT_NOFILE): 1048576:1048576
2024/11/25 08:51:19 [notice] 1#1: start worker processes
2024/11/25 08:51:19 [notice] 1#1: start worker process 30
2024/11/25 08:51:19 [notice] 1#1: start worker process 31
2024/11/25 08:51:19 [notice] 1#1: start worker process 32
2024/11/25 08:51:19 [notice] 1#1: start worker process 33
2024/11/25 08:51:19 [notice] 1#1: start worker process 34
2024/11/25 08:51:19 [notice] 1#1: start worker process 35
2024/11/25 08:51:19 [notice] 1#1: start worker process 36
2024/11/25 08:51:19 [notice] 1#1: start worker process 37
2024/11/25 08:51:19 [notice] 1#1: start worker process 38
2024/11/25 08:51:19 [notice] 1#1: start worker process 39
2024/11/25 08:51:19 [notice] 1#1: start worker process 40
2024/11/25 08:51:19 [notice] 1#1: start worker process 41
